24-04-11.22:37:59.167 [main            ] INFO  LogicChainTest         - Starting LogicChainTest using Java 1.8.0_202 on DESKTOP-6TFP7P2 with PID 25884 (started by Admin in C:\Users\Admin\Desktop\fuge\big-market\big-market-app)
24-04-11.22:37:59.168 [main            ] INFO  LogicChainTest         - The following 1 profile is active: "dev"
24-04-11.22:38:00.014 [main            ] INFO  RepositoryConfigurationDelegate - Multiple Spring Data modules found, entering strict repository configuration mode
24-04-11.22:38:00.017 [main            ] INFO  RepositoryConfigurationDelegate - Bootstrapping Spring Data Redis repositories in DEFAULT mode.
24-04-11.22:38:00.053 [main            ] INFO  RepositoryConfigurationDelegate - Finished Spring Data repository scanning in 16 ms. Found 0 Redis repository interfaces.
24-04-11.22:38:01.459 [main            ] INFO  Version                - Redisson 3.23.4
24-04-11.22:38:47.641 [main            ] INFO  LogicChainTest         - Starting LogicChainTest using Java 1.8.0_202 on DESKTOP-6TFP7P2 with PID 27504 (started by Admin in C:\Users\Admin\Desktop\fuge\big-market\big-market-app)
24-04-11.22:38:47.642 [main            ] INFO  LogicChainTest         - The following 1 profile is active: "dev"
24-04-11.22:38:48.409 [main            ] INFO  RepositoryConfigurationDelegate - Multiple Spring Data modules found, entering strict repository configuration mode
24-04-11.22:38:48.412 [main            ] INFO  RepositoryConfigurationDelegate - Bootstrapping Spring Data Redis repositories in DEFAULT mode.
24-04-11.22:38:48.447 [main            ] INFO  RepositoryConfigurationDelegate - Finished Spring Data repository scanning in 21 ms. Found 0 Redis repository interfaces.
24-04-11.22:38:49.917 [main            ] INFO  Version                - Redisson 3.23.4
24-04-11.22:38:50.622 [redisson-netty-2-4] INFO  MasterPubSubConnectionPool - 1 connections initialized for 127.0.0.1/127.0.0.1:16379
24-04-11.22:38:50.633 [redisson-netty-2-13] INFO  MasterConnectionPool   - 5 connections initialized for 127.0.0.1/127.0.0.1:16379
24-04-11.22:38:52.242 [main            ] INFO  EndpointLinksResolver  - Exposing 1 endpoint(s) beneath base path '/actuator'
24-04-11.22:38:52.300 [main            ] INFO  LogicChainTest         - Started LogicChainTest in 5.043 seconds (JVM running for 5.834)
24-04-11.22:38:52.621 [main            ] INFO  RuleWeightLogicChain   - 抽奖责任链-权重开始 userId: user001 strategyId: 100001 ruleModel: rule_weight
24-04-11.22:38:52.661 [main            ] INFO  HikariDataSource       - HikariPool-1 - Starting...
24-04-11.22:38:53.377 [main            ] INFO  HikariDataSource       - HikariPool-1 - Start completed.
24-04-11.22:38:53.455 [main            ] INFO  RuleWeightLogicChain   - 抽奖责任链-权重放行 userId: user001 strategyId: 100001 ruleModel: rule_weight
24-04-11.22:38:53.455 [main            ] INFO  BackListLogicChain     - 抽奖责任链-黑名单开始 userId: user001 strategyId: 100001 ruleModel: rule_blacklist
24-04-11.22:38:53.457 [main            ] INFO  BackListLogicChain     - 抽奖责任链-黑名单接管 userId: user001 strategyId: 100001 ruleModel: rule_blacklist awardId: 100
24-04-11.22:38:53.457 [main            ] INFO  LogicChainTest         - 测试结果：100
24-04-11.22:38:53.481 [SpringApplicationShutdownHook] INFO  HikariDataSource       - HikariPool-1 - Shutdown initiated...
24-04-11.22:38:53.497 [SpringApplicationShutdownHook] INFO  HikariDataSource       - HikariPool-1 - Shutdown completed.
24-04-11.22:39:33.961 [main            ] INFO  LogicChainTest         - Starting LogicChainTest using Java 1.8.0_202 on DESKTOP-6TFP7P2 with PID 28612 (started by Admin in C:\Users\Admin\Desktop\fuge\big-market\big-market-app)
24-04-11.22:39:33.962 [main            ] INFO  LogicChainTest         - The following 1 profile is active: "dev"
24-04-11.22:39:34.665 [main            ] INFO  RepositoryConfigurationDelegate - Multiple Spring Data modules found, entering strict repository configuration mode
24-04-11.22:39:34.668 [main            ] INFO  RepositoryConfigurationDelegate - Bootstrapping Spring Data Redis repositories in DEFAULT mode.
24-04-11.22:39:34.698 [main            ] INFO  RepositoryConfigurationDelegate - Finished Spring Data repository scanning in 18 ms. Found 0 Redis repository interfaces.
24-04-11.22:39:36.071 [main            ] INFO  Version                - Redisson 3.23.4
24-04-11.22:39:36.687 [redisson-netty-2-4] INFO  MasterPubSubConnectionPool - 1 connections initialized for 127.0.0.1/127.0.0.1:16379
24-04-11.22:39:36.696 [redisson-netty-2-13] INFO  MasterConnectionPool   - 5 connections initialized for 127.0.0.1/127.0.0.1:16379
24-04-11.22:39:38.185 [main            ] INFO  EndpointLinksResolver  - Exposing 1 endpoint(s) beneath base path '/actuator'
24-04-11.22:39:38.244 [main            ] INFO  LogicChainTest         - Started LogicChainTest in 4.632 seconds (JVM running for 5.43)
24-04-11.22:39:38.502 [main            ] INFO  RuleWeightLogicChain   - 抽奖责任链-权重开始 userId: dyx strategyId: 100001 ruleModel: rule_weight
24-04-11.22:39:38.536 [main            ] INFO  HikariDataSource       - HikariPool-1 - Starting...
24-04-11.22:39:39.179 [main            ] INFO  HikariDataSource       - HikariPool-1 - Start completed.
24-04-11.22:39:39.226 [main            ] INFO  RuleWeightLogicChain   - 抽奖责任链-权重接管 userId: dyx strategyId: 100001 ruleModel: rule_weight awardId: 103
24-04-11.22:39:39.226 [main            ] INFO  LogicChainTest         - 测试结果：103
24-04-11.22:39:39.248 [SpringApplicationShutdownHook] INFO  HikariDataSource       - HikariPool-1 - Shutdown initiated...
24-04-11.22:39:39.250 [SpringApplicationShutdownHook] INFO  HikariDataSource       - HikariPool-1 - Shutdown completed.
24-04-11.22:39:50.365 [main            ] INFO  LogicChainTest         - Starting LogicChainTest using Java 1.8.0_202 on DESKTOP-6TFP7P2 with PID 7940 (started by Admin in C:\Users\Admin\Desktop\fuge\big-market\big-market-app)
24-04-11.22:39:50.365 [main            ] INFO  LogicChainTest         - The following 1 profile is active: "dev"
24-04-11.22:39:51.057 [main            ] INFO  RepositoryConfigurationDelegate - Multiple Spring Data modules found, entering strict repository configuration mode
24-04-11.22:39:51.059 [main            ] INFO  RepositoryConfigurationDelegate - Bootstrapping Spring Data Redis repositories in DEFAULT mode.
24-04-11.22:39:51.087 [main            ] INFO  RepositoryConfigurationDelegate - Finished Spring Data repository scanning in 15 ms. Found 0 Redis repository interfaces.
24-04-11.22:39:52.433 [main            ] INFO  Version                - Redisson 3.23.4
24-04-11.22:39:53.069 [redisson-netty-2-4] INFO  MasterPubSubConnectionPool - 1 connections initialized for 127.0.0.1/127.0.0.1:16379
24-04-11.22:39:53.081 [redisson-netty-2-13] INFO  MasterConnectionPool   - 5 connections initialized for 127.0.0.1/127.0.0.1:16379
24-04-11.22:39:54.540 [main            ] INFO  EndpointLinksResolver  - Exposing 1 endpoint(s) beneath base path '/actuator'
24-04-11.22:39:54.598 [main            ] INFO  LogicChainTest         - Started LogicChainTest in 4.583 seconds (JVM running for 5.372)
24-04-11.22:39:54.854 [main            ] INFO  RuleWeightLogicChain   - 抽奖责任链-权重开始 userId: dyx strategyId: 100001 ruleModel: rule_weight
24-04-11.22:39:54.886 [main            ] INFO  HikariDataSource       - HikariPool-1 - Starting...
24-04-11.22:39:55.480 [main            ] INFO  HikariDataSource       - HikariPool-1 - Start completed.
24-04-11.22:39:55.513 [main            ] INFO  RuleWeightLogicChain   - 抽奖责任链-权重放行 userId: dyx strategyId: 100001 ruleModel: rule_weight
24-04-11.22:39:55.514 [main            ] INFO  BackListLogicChain     - 抽奖责任链-黑名单开始 userId: dyx strategyId: 100001 ruleModel: rule_blacklist
24-04-11.22:39:55.515 [main            ] INFO  BackListLogicChain     - 抽奖责任链-黑名单放行 userId: dyx strategyId: 100001 ruleModel: rule_blacklist
24-04-11.22:39:55.523 [main            ] INFO  DefaultLogicChain      - 抽奖责任链-默认处理 userId: dyx strategyId: 100001 ruleModel: default awardId: 103
24-04-11.22:39:55.523 [main            ] INFO  LogicChainTest         - 测试结果：103
24-04-11.22:39:55.545 [SpringApplicationShutdownHook] INFO  HikariDataSource       - HikariPool-1 - Shutdown initiated...
24-04-11.22:39:55.547 [SpringApplicationShutdownHook] INFO  HikariDataSource       - HikariPool-1 - Shutdown completed.
